# JRE version: OpenJDK Runtime Environment (8.0_152-b01) (build 1.8.0_152-release-1248-b01)
# Java VM: OpenJDK 64-Bit Server VM (25.152-b01 mixed mode windows-amd64 compressed oops)
Heap:
 PSYoungGen      total 315392K, used 165235K [0x00000000e0000000, 0x00000000f6480000, 0x0000000100000000)
  eden space 288256K, 57% used [0x00000000e0000000,0x00000000ea15cdf0,0x00000000f1980000)
  from space 27136K, 0% used [0x00000000f3400000,0x00000000f3400000,0x00000000f4e80000)
  to   space 27136K, 0% used [0x00000000f1980000,0x00000000f1980000,0x00000000f3400000)
 ParOldGen       total 171008K, used 62816K [0x00000000a0000000, 0x00000000aa700000, 0x00000000e0000000)
  object space 171008K, 36% used [0x00000000a0000000,0x00000000a3d582a0,0x00000000aa700000)
 Metaspace       used 96925K, capacity 100722K, committed 100864K, reserved 1136640K
  class space    used 12696K, capacity 13524K, committed 13568K, reserved 1048576K
GC Heap History (10 events):
Event: 928.361 GC heap before
{Heap before GC invocations=16 (full 3):
 PSYoungGen      total 218624K, used 218392K [0x00000000e0000000, 0x00000000eec80000, 0x0000000100000000)
  eden space 207360K, 100% used [0x00000000e0000000,0x00000000eca80000,0x00000000eca80000)
  from space 11264K, 97% used [0x00000000ee180000,0x00000000eec46068,0x00000000eec80000)
  to   space 16896K, 0% used [0x00000000ecb80000,0x00000000ecb80000,0x00000000edc00000)
 ParOldGen       total 114176K, used 37578K [0x00000000a0000000, 0x00000000a6f80000, 0x00000000e0000000)
  object space 114176K, 32% used [0x00000000a0000000,0x00000000a24b2950,0x00000000a6f80000)
 Metaspace       used 77978K, capacity 80720K, committed 81024K, reserved 1120256K
  class space    used 10421K, capacity 11075K, committed 11136K, reserved 1048576K
Event: 928.392 GC heap after
Heap after GC invocations=16 (full 3):
 PSYoungGen      total 225280K, used 16867K [0x00000000e0000000, 0x00000000f2500000, 0x0000000100000000)
  eden space 208384K, 0% used [0x00000000e0000000,0x00000000e0000000,0x00000000ecb80000)
  from space 16896K, 99% used [0x00000000ecb80000,0x00000000edbf8eb8,0x00000000edc00000)
  to   space 24064K, 0% used [0x00000000f0d80000,0x00000000f0d80000,0x00000000f2500000)
 ParOldGen       total 114176K, used 51243K [0x00000000a0000000, 0x00000000a6f80000, 0x00000000e0000000)
  object space 114176K, 44% used [0x00000000a0000000,0x00000000a320aea8,0x00000000a6f80000)
 Metaspace       used 77978K, capacity 80720K, committed 81024K, reserved 1120256K
  class space    used 10421K, capacity 11075K, committed 11136K, reserved 1048576K
}
Event: 932.085 GC heap before
{Heap before GC invocations=17 (full 3):
 PSYoungGen      total 225280K, used 225251K [0x00000000e0000000, 0x00000000f2500000, 0x0000000100000000)
  eden space 208384K, 100% used [0x00000000e0000000,0x00000000ecb80000,0x00000000ecb80000)
  from space 16896K, 99% used [0x00000000ecb80000,0x00000000edbf8eb8,0x00000000edc00000)
  to   space 24064K, 0% used [0x00000000f0d80000,0x00000000f0d80000,0x00000000f2500000)
 ParOldGen       total 114176K, used 51243K [0x00000000a0000000, 0x00000000a6f80000, 0x00000000e0000000)
  object space 114176K, 44% used [0x00000000a0000000,0x00000000a320aea8,0x00000000a6f80000)
 Metaspace       used 81290K, capacity 84102K, committed 84224K, reserved 1122304K
  class space    used 10794K, capacity 11476K, committed 11520K, reserved 1048576K
Event: 932.112 GC heap after
Heap after GC invocations=17 (full 3):
 PSYoungGen      total 266752K, used 8762K [0x00000000e0000000, 0x00000000f1f80000, 0x0000000100000000)
  eden space 248320K, 0% used [0x00000000e0000000,0x00000000e0000000,0x00000000ef280000)
  from space 18432K, 47% used [0x00000000f0d80000,0x00000000f160eb18,0x00000000f1f80000)
  to   space 23040K, 0% used [0x00000000ef280000,0x00000000ef280000,0x00000000f0900000)
 ParOldGen       total 114176K, used 67445K [0x00000000a0000000, 0x00000000a6f80000, 0x00000000e0000000)
  object space 114176K, 59% used [0x00000000a0000000,0x00000000a41dd4e8,0x00000000a6f80000)
 Metaspace       used 81290K, capacity 84102K, committed 84224K, reserved 1122304K
  class space    used 10794K, capacity 11476K, committed 11520K, reserved 1048576K
}
Event: 950.124 GC heap before
{Heap before GC invocations=18 (full 3):
 PSYoungGen      total 266752K, used 257082K [0x00000000e0000000, 0x00000000f1f80000, 0x0000000100000000)
  eden space 248320K, 100% used [0x00000000e0000000,0x00000000ef280000,0x00000000ef280000)
  from space 18432K, 47% used [0x00000000f0d80000,0x00000000f160eb18,0x00000000f1f80000)
  to   space 23040K, 0% used [0x00000000ef280000,0x00000000ef280000,0x00000000f0900000)
 ParOldGen       total 114176K, used 67445K [0x00000000a0000000, 0x00000000a6f80000, 0x00000000e0000000)
  object space 114176K, 59% used [0x00000000a0000000,0x00000000a41dd4e8,0x00000000a6f80000)
 Metaspace       used 92051K, capacity 95190K, committed 95232K, reserved 1132544K
  class space    used 12043K, capacity 12788K, committed 12800K, reserved 1048576K
Event: 950.156 GC heap after
Heap after GC invocations=18 (full 3):
 PSYoungGen      total 271360K, used 23016K [0x00000000e0000000, 0x00000000f4e80000, 0x0000000100000000)
  eden space 248320K, 0% used [0x00000000e0000000,0x00000000e0000000,0x00000000ef280000)
  from space 23040K, 99% used [0x00000000ef280000,0x00000000f08fa208,0x00000000f0900000)
  to   space 27136K, 0% used [0x00000000f3400000,0x00000000f3400000,0x00000000f4e80000)
 ParOldGen       total 114176K, used 69022K [0x00000000a0000000, 0x00000000a6f80000, 0x00000000e0000000)
  object space 114176K, 60% used [0x00000000a0000000,0x00000000a43678d8,0x00000000a6f80000)
 Metaspace       used 92051K, capacity 95190K, committed 95232K, reserved 1132544K
  class space    used 12043K, capacity 12788K, committed 12800K, reserved 1048576K
}
Event: 950.650 GC heap before
{Heap before GC invocations=19 (full 3):
 PSYoungGen      total 271360K, used 46930K [0x00000000e0000000, 0x00000000f4e80000, 0x0000000100000000)
  eden space 248320K, 9% used [0x00000000e0000000,0x00000000e175a998,0x00000000ef280000)
  from space 23040K, 99% used [0x00000000ef280000,0x00000000f08fa208,0x00000000f0900000)
  to   space 27136K, 0% used [0x00000000f3400000,0x00000000f3400000,0x00000000f4e80000)
 ParOldGen       total 114176K, used 69022K [0x00000000a0000000, 0x00000000a6f80000, 0x00000000e0000000)
  object space 114176K, 60% used [0x00000000a0000000,0x00000000a43678d8,0x00000000a6f80000)
 Metaspace       used 95131K, capacity 98450K, committed 98560K, reserved 1134592K
  class space    used 12455K, capacity 13260K, committed 13312K, reserved 1048576K
Event: 950.683 GC heap after
Heap after GC invocations=19 (full 3):
 PSYoungGen      total 315392K, used 2738K [0x00000000e0000000, 0x00000000f6480000, 0x0000000100000000)
  eden space 288256K, 0% used [0x00000000e0000000,0x00000000e0000000,0x00000000f1980000)
  from space 27136K, 10% used [0x00000000f3400000,0x00000000f36acbf0,0x00000000f4e80000)
  to   space 27136K, 0% used [0x00000000f1980000,0x00000000f1980000,0x00000000f3400000)
 ParOldGen       total 114176K, used 84086K [0x00000000a0000000, 0x00000000a6f80000, 0x00000000e0000000)
  object space 114176K, 73% used [0x00000000a0000000,0x00000000a521dae8,0x00000000a6f80000)
 Metaspace       used 95131K, capacity 98450K, committed 98560K, reserved 1134592K
  class space    used 12455K, capacity 13260K, committed 13312K, reserved 1048576K
}
Event: 950.683 GC heap before
{Heap before GC invocations=20 (full 4):
 PSYoungGen      total 315392K, used 2738K [0x00000000e0000000, 0x00000000f6480000, 0x0000000100000000)
  eden space 288256K, 0% used [0x00000000e0000000,0x00000000e0000000,0x00000000f1980000)
  from space 27136K, 10% used [0x00000000f3400000,0x00000000f36acbf0,0x00000000f4e80000)
  to   space 27136K, 0% used [0x00000000f1980000,0x00000000f1980000,0x00000000f3400000)
 ParOldGen       total 114176K, used 84086K [0x00000000a0000000, 0x00000000a6f80000, 0x00000000e0000000)
  object space 114176K, 73% used [0x00000000a0000000,0x00000000a521dae8,0x00000000a6f80000)
 Metaspace       used 95131K, capacity 98450K, committed 98560K, reserved 1134592K
  class space    used 12455K, capacity 13260K, committed 13312K, reserved 1048576K
Event: 950.913 GC heap after
Heap after GC invocations=20 (full 4):
 PSYoungGen      total 315392K, used 0K [0x00000000e0000000, 0x00000000f6480000, 0x0000000100000000)
  eden space 288256K, 0% used [0x00000000e0000000,0x00000000e0000000,0x00000000f1980000)
  from space 27136K, 0% used [0x00000000f3400000,0x00000000f3400000,0x00000000f4e80000)
  to   space 27136K, 0% used [0x00000000f1980000,0x00000000f1980000,0x00000000f3400000)
 ParOldGen       total 171008K, used 62816K [0x00000000a0000000, 0x00000000aa700000, 0x00000000e0000000)
  object space 171008K, 36% used [0x00000000a0000000,0x00000000a3d582a0,0x00000000aa700000)
 Metaspace       used 95061K, capacity 98274K, committed 98560K, reserved 1134592K
  class space    used 12430K, capacity 13216K, committed 13312K, reserved 1048576K
}

